<?xml version="1.0" encoding="UTF-8"?>
<testng-results skipped="0" failed="0" ignored="0" total="1" passed="1">
  <reporter-output>
  </reporter-output>
  <suite name="PracMavenWithChirag" duration-ms="34" started-at="2018-01-30T17:23:07Z" finished-at="2018-01-30T17:23:07Z">
    <groups>
    </groups>
    <test name="mavenChiragTest" duration-ms="34" started-at="2018-01-30T17:23:07Z" finished-at="2018-01-30T17:23:07Z">
      <class name="TestCases.demoTest">
        <test-method status="PASS" signature="justTest()[pri:0, instance:TestCases.demoTest@735f7ae5]" name="justTest" duration-ms="8" started-at="2018-01-30T12:23:07Z" finished-at="2018-01-30T12:23:07Z">
          <reporter-output>
          </reporter-output>
        </test-method> <!-- justTest -->
      </class> <!-- TestCases.demoTest -->
    </test> <!-- mavenChiragTest -->
  </suite> <!-- PracMavenWithChirag -->
</testng-results>
