<?xml version="1.0" encoding="UTF-8"?>
<testng-results skipped="0" failed="0" ignored="0" total="1" passed="1">
  <reporter-output>
  </reporter-output>
  <suite name="Default suite" duration-ms="143" started-at="2017-09-26T17:24:33Z" finished-at="2017-09-26T17:24:33Z">
    <groups>
    </groups>
    <test name="Default test" duration-ms="143" started-at="2017-09-26T17:24:33Z" finished-at="2017-09-26T17:24:33Z">
      <class name="TestCases.demoTest">
        <test-method status="PASS" signature="justTest()[pri:0, instance:TestCases.demoTest@6a4f787b]" name="justTest" duration-ms="39" started-at="2017-09-26T13:24:33Z" finished-at="2017-09-26T13:24:33Z">
          <reporter-output>
          </reporter-output>
        </test-method> <!-- justTest -->
      </class> <!-- TestCases.demoTest -->
    </test> <!-- Default test -->
  </suite> <!-- Default suite -->
</testng-results>
